<?xml version="1.0" encoding="UTF-8"?>
<!-- Generated by org.testng.reporters.JUnitReportReporter -->
<testsuite hostname="Nikhil" failures="0" tests="1" name="Academy.E2Eprojects.ValidatePage" time="0.104" errors="0" timestamp="2021-06-18T16:29:46 IST" skipped="0">
  <testcase classname="Academy.E2Eprojects.ValidatePage" name="basePageNavigation" time="0.104"/>
  <system-out/>
</testsuite> <!-- Academy.E2Eprojects.ValidatePage -->
