<?xml version="1.0" encoding="UTF-8"?>
<!-- Generated by org.testng.reporters.JUnitReportReporter -->
<testsuite hostname="Nikhil" failures="0" tests="2" name="Academy.E2Eprojects.HomePage" time="7.239" errors="0" timestamp="2021-06-18T16:29:46 IST" skipped="0">
  <testcase classname="Academy.E2Eprojects.HomePage" name="basePageNavigation" time="5.678"/>
  <system-out/>
  <testcase classname="Academy.E2Eprojects.HomePage" name="basePageNavigation" time="1.561"/>
  <system-out/>
</testsuite> <!-- Academy.E2Eprojects.HomePage -->
